{"meta": {"version": "7.2.2", "timestamp": "2023-04-02T13:11:05.557782", "branch_coverage": false, "show_contexts": false}, "files": {"aspreno\\__init__.py": {"executed_lines": [1, 2, 4, 5, 7, 8, 10, 13, 15, 16, 17, 18, 19, 20, 23, 25, 26, 27], "summary": {"covered_lines": 18, "num_statements": 18, "percent_covered": 100.0, "percent_covered_display": "100", "missing_lines": 0, "excluded_lines": 0}, "missing_lines": [], "excluded_lines": []}, "aspreno\\_utils.py": {"executed_lines": [1, 3], "summary": {"covered_lines": 2, "num_statements": 2, "percent_covered": 100.0, "percent_covered_display": "100", "missing_lines": 0, "excluded_lines": 0}, "missing_lines": [], "excluded_lines": []}, "aspreno\\global_handler.py": {"executed_lines": [1, 2, 3, 5, 7, 10, 11, 13, 24, 39, 57, 71], "summary": {"covered_lines": 12, "num_statements": 37, "percent_covered": 32.432432432432435, "percent_covered_display": "32", "missing_lines": 25, "excluded_lines": 0}, "missing_lines": [37, 55, 63, 64, 65, 66, 68, 69, 72, 75, 77, 78, 79, 80, 82, 83, 84, 87, 88, 90, 91, 92, 94, 95, 96], "excluded_lines": []}, "aspreno\\self_handled.py": {"executed_lines": [], "summary": {"covered_lines": 0, "num_statements": 4, "percent_covered": 0.0, "percent_covered_display": "0", "missing_lines": 4, "excluded_lines": 0}, "missing_lines": [1, 4, 5, 6], "excluded_lines": []}}, "totals": {"covered_lines": 32, "num_statements": 61, "percent_covered": 52.459016393442624, "percent_covered_display": "52", "missing_lines": 29, "excluded_lines": 0}}